# JRE version: OpenJDK Runtime Environment (11.0.8+10) (build 11.0.8+10-b944.6842174)
# Java VM: OpenJDK 64-Bit Server VM (11.0.8+10-b944.6842174, mixed mode, tiered, compressed oops, g1 gc, windows-amd64)
Heap:
 garbage-first heap   total 260096K, used 173886K [0x0000000080000000, 0x0000000100000000)
  region size 1024K, 70 young (71680K), 6 survivors (6144K)
 Metaspace       used 126466K, capacity 130631K, committed 130892K, reserved 1163264K
  class space    used 15200K, capacity 16690K, committed 16768K, reserved 1048576K
GC Heap History (20 events):
Event: 4364.437 GC heap before
{Heap before GC invocations=303 (full 0):
 garbage-first heap   total 260096K, used 133494K [0x0000000080000000, 0x0000000100000000)
  region size 1024K, 35 young (35840K), 2 survivors (2048K)
 Metaspace       used 126349K, capacity 130564K, committed 130892K, reserved 1163264K
  class space    used 15199K, capacity 16690K, committed 16768K, reserved 1048576K
}
Event: 4364.457 GC heap after
{Heap after GC invocations=304 (full 0):
 garbage-first heap   total 260096K, used 119931K [0x0000000080000000, 0x0000000100000000)
  region size 1024K, 13 young (13312K), 13 survivors (13312K)
 Metaspace       used 126349K, capacity 130564K, committed 130892K, reserved 1163264K
  class space    used 15199K, capacity 16690K, committed 16768K, reserved 1048576K
}
Event: 4364.702 GC heap before
{Heap before GC invocations=305 (full 0):
 garbage-first heap   total 260096K, used 200827K [0x0000000080000000, 0x0000000100000000)
  region size 1024K, 75 young (76800K), 13 survivors (13312K)
 Metaspace       used 126384K, capacity 130629K, committed 130892K, reserved 1163264K
  class space    used 15199K, capacity 16690K, committed 16768K, reserved 1048576K
}
Event: 4364.722 GC heap after
{Heap after GC invocations=306 (full 0):
 garbage-first heap   total 260096K, used 120372K [0x0000000080000000, 0x0000000100000000)
  region size 1024K, 3 young (3072K), 3 survivors (3072K)
 Metaspace       used 126384K, capacity 130629K, committed 130892K, reserved 1163264K
  class space    used 15199K, capacity 16690K, committed 16768K, reserved 1048576K
}
Event: 4364.741 GC heap before
{Heap before GC invocations=306 (full 0):
 garbage-first heap   total 260096K, used 128564K [0x0000000080000000, 0x0000000100000000)
  region size 1024K, 12 young (12288K), 3 survivors (3072K)
 Metaspace       used 126385K, capacity 130629K, committed 130892K, reserved 1163264K
  class space    used 15199K, capacity 16690K, committed 16768K, reserved 1048576K
}
Event: 4364.753 GC heap after
{Heap after GC invocations=307 (full 0):
 garbage-first heap   total 260096K, used 113506K [0x0000000080000000, 0x0000000100000000)
  region size 1024K, 1 young (1024K), 1 survivors (1024K)
 Metaspace       used 126385K, capacity 130629K, committed 130892K, reserved 1163264K
  class space    used 15199K, capacity 16690K, committed 16768K, reserved 1048576K
}
Event: 4365.854 GC heap before
{Heap before GC invocations=307 (full 0):
 garbage-first heap   total 260096K, used 183138K [0x0000000080000000, 0x0000000100000000)
  region size 1024K, 70 young (71680K), 1 survivors (1024K)
 Metaspace       used 126388K, capacity 130629K, committed 130892K, reserved 1163264K
  class space    used 15199K, capacity 16690K, committed 16768K, reserved 1048576K
}
Event: 4365.861 GC heap after
{Heap after GC invocations=308 (full 0):
 garbage-first heap   total 260096K, used 118438K [0x0000000080000000, 0x0000000100000000)
  region size 1024K, 6 young (6144K), 6 survivors (6144K)
 Metaspace       used 126388K, capacity 130629K, committed 130892K, reserved 1163264K
  class space    used 15199K, capacity 16690K, committed 16768K, reserved 1048576K
}
Event: 4476.757 GC heap before
{Heap before GC invocations=309 (full 0):
 garbage-first heap   total 260096K, used 189094K [0x0000000080000000, 0x0000000100000000)
  region size 1024K, 76 young (77824K), 6 survivors (6144K)
 Metaspace       used 126420K, capacity 130631K, committed 130892K, reserved 1163264K
  class space    used 15199K, capacity 16690K, committed 16768K, reserved 1048576K
}
Event: 4476.765 GC heap after
{Heap after GC invocations=310 (full 0):
 garbage-first heap   total 260096K, used 103659K [0x0000000080000000, 0x0000000100000000)
  region size 1024K, 4 young (4096K), 4 survivors (4096K)
 Metaspace       used 126420K, capacity 130631K, committed 130892K, reserved 1163264K
  class space    used 15199K, capacity 16690K, committed 16768K, reserved 1048576K
}
Event: 4476.876 GC heap before
{Heap before GC invocations=310 (full 0):
 garbage-first heap   total 260096K, used 111851K [0x0000000080000000, 0x0000000100000000)
  region size 1024K, 12 young (12288K), 4 survivors (4096K)
 Metaspace       used 126424K, capacity 130631K, committed 130892K, reserved 1163264K
  class space    used 15199K, capacity 16690K, committed 16768K, reserved 1048576K
}
Event: 4476.886 GC heap after
{Heap after GC invocations=311 (full 0):
 garbage-first heap   total 260096K, used 95670K [0x0000000080000000, 0x0000000100000000)
  region size 1024K, 2 young (2048K), 2 survivors (2048K)
 Metaspace       used 126424K, capacity 130631K, committed 130892K, reserved 1163264K
  class space    used 15199K, capacity 16690K, committed 16768K, reserved 1048576K
}
Event: 4477.039 GC heap before
{Heap before GC invocations=311 (full 0):
 garbage-first heap   total 260096K, used 147894K [0x0000000080000000, 0x0000000100000000)
  region size 1024K, 55 young (56320K), 2 survivors (2048K)
 Metaspace       used 126425K, capacity 130631K, committed 130892K, reserved 1163264K
  class space    used 15199K, capacity 16690K, committed 16768K, reserved 1048576K
}
Event: 4477.049 GC heap after
{Heap after GC invocations=312 (full 0):
 garbage-first heap   total 260096K, used 97167K [0x0000000080000000, 0x0000000100000000)
  region size 1024K, 4 young (4096K), 4 survivors (4096K)
 Metaspace       used 126425K, capacity 130631K, committed 130892K, reserved 1163264K
  class space    used 15199K, capacity 16690K, committed 16768K, reserved 1048576K
}
Event: 4477.426 GC heap before
{Heap before GC invocations=313 (full 0):
 garbage-first heap   total 260096K, used 206735K [0x0000000080000000, 0x0000000100000000)
  region size 1024K, 92 young (94208K), 4 survivors (4096K)
 Metaspace       used 126444K, capacity 130631K, committed 130892K, reserved 1163264K
  class space    used 15199K, capacity 16690K, committed 16768K, reserved 1048576K
}
Event: 4477.435 GC heap after
{Heap after GC invocations=314 (full 0):
 garbage-first heap   total 260096K, used 98602K [0x0000000080000000, 0x0000000100000000)
  region size 1024K, 5 young (5120K), 5 survivors (5120K)
 Metaspace       used 126444K, capacity 130631K, committed 130892K, reserved 1163264K
  class space    used 15199K, capacity 16690K, committed 16768K, reserved 1048576K
}
Event: 4477.446 GC heap before
{Heap before GC invocations=314 (full 0):
 garbage-first heap   total 260096K, used 104746K [0x0000000080000000, 0x0000000100000000)
  region size 1024K, 12 young (12288K), 5 survivors (5120K)
 Metaspace       used 126444K, capacity 130631K, committed 130892K, reserved 1163264K
  class space    used 15199K, capacity 16690K, committed 16768K, reserved 1048576K
}
Event: 4477.462 GC heap after
{Heap after GC invocations=315 (full 0):
 garbage-first heap   total 260096K, used 92055K [0x0000000080000000, 0x0000000100000000)
  region size 1024K, 1 young (1024K), 1 survivors (1024K)
 Metaspace       used 126444K, capacity 130631K, committed 130892K, reserved 1163264K
  class space    used 15199K, capacity 16690K, committed 16768K, reserved 1048576K
}
Event: 4478.586 GC heap before
{Heap before GC invocations=315 (full 0):
 garbage-first heap   total 260096K, used 189335K [0x0000000080000000, 0x0000000100000000)
  region size 1024K, 97 young (99328K), 1 survivors (1024K)
 Metaspace       used 126446K, capacity 130631K, committed 130892K, reserved 1163264K
  class space    used 15199K, capacity 16690K, committed 16768K, reserved 1048576K
}
Event: 4478.594 GC heap after
{Heap after GC invocations=316 (full 0):
 garbage-first heap   total 260096K, used 97086K [0x0000000080000000, 0x0000000100000000)
  region size 1024K, 6 young (6144K), 6 survivors (6144K)
 Metaspace       used 126446K, capacity 130631K, committed 130892K, reserved 1163264K
  class space    used 15199K, capacity 16690K, committed 16768K, reserved 1048576K
}

